# JRE version: OpenJDK Runtime Environment Temurin-11.0.14.1+1 (11.0.14.1+1) (build 11.0.14.1+1)
# Java VM: OpenJDK 64-Bit Server VM Temurin-11.0.14.1+1 (11.0.14.1+1, mixed mode, tiered, compressed oops, g1 gc, windows-amd64)
Heap:
 garbage-first heap   total 282624K, used 160457K [0x0000000080000000, 0x0000000100000000)
  region size 1024K, 6 young (6144K), 6 survivors (6144K)
 Metaspace       used 108883K, capacity 113471K, committed 113584K, reserved 352256K
  class space    used 14175K, capacity 15825K, committed 15872K, reserved 253952K
GC Heap History (20 events):
Event: 50.230 GC heap after
{Heap after GC invocations=71 (full 0):
 garbage-first heap   total 175104K, used 124644K [0x0000000080000000, 0x0000000100000000)
  region size 1024K, 2 young (2048K), 2 survivors (2048K)
 Metaspace       used 99367K, capacity 103206K, committed 103344K, reserved 344064K
  class space    used 13039K, capacity 14494K, committed 14592K, reserved 253952K
}
Event: 50.689 GC heap before
{Heap before GC invocations=71 (full 0):
 garbage-first heap   total 175104K, used 141028K [0x0000000080000000, 0x0000000100000000)
  region size 1024K, 18 young (18432K), 2 survivors (2048K)
 Metaspace       used 99744K, capacity 103850K, committed 103984K, reserved 344064K
  class space    used 13102K, capacity 14617K, committed 14720K, reserved 253952K
}
Event: 50.698 GC heap after
{Heap after GC invocations=72 (full 0):
 garbage-first heap   total 175104K, used 127426K [0x0000000080000000, 0x0000000100000000)
  region size 1024K, 3 young (3072K), 3 survivors (3072K)
 Metaspace       used 99744K, capacity 103850K, committed 103984K, reserved 344064K
  class space    used 13102K, capacity 14617K, committed 14720K, reserved 253952K
}
Event: 50.963 GC heap before
{Heap before GC invocations=73 (full 0):
 garbage-first heap   total 175104K, used 141762K [0x0000000080000000, 0x0000000100000000)
  region size 1024K, 18 young (18432K), 3 survivors (3072K)
 Metaspace       used 99942K, capacity 104002K, committed 104240K, reserved 344064K
  class space    used 13121K, capacity 14663K, committed 14720K, reserved 253952K
}
Event: 50.970 GC heap after
{Heap after GC invocations=74 (full 0):
 garbage-first heap   total 175104K, used 130123K [0x0000000080000000, 0x0000000100000000)
  region size 1024K, 3 young (3072K), 3 survivors (3072K)
 Metaspace       used 99942K, capacity 104002K, committed 104240K, reserved 344064K
  class space    used 13121K, capacity 14663K, committed 14720K, reserved 253952K
}
Event: 51.099 GC heap before
{Heap before GC invocations=74 (full 0):
 garbage-first heap   total 175104K, used 144459K [0x0000000080000000, 0x0000000100000000)
  region size 1024K, 17 young (17408K), 3 survivors (3072K)
 Metaspace       used 100058K, capacity 104204K, committed 104496K, reserved 344064K
  class space    used 13132K, capacity 14679K, committed 14720K, reserved 253952K
}
Event: 51.107 GC heap after
{Heap after GC invocations=75 (full 0):
 garbage-first heap   total 235520K, used 132271K [0x0000000080000000, 0x0000000100000000)
  region size 1024K, 2 young (2048K), 2 survivors (2048K)
 Metaspace       used 100058K, capacity 104204K, committed 104496K, reserved 344064K
  class space    used 13132K, capacity 14679K, committed 14720K, reserved 253952K
}
Event: 51.518 GC heap before
{Heap before GC invocations=76 (full 0):
 garbage-first heap   total 235520K, used 164015K [0x0000000080000000, 0x0000000100000000)
  region size 1024K, 33 young (33792K), 2 survivors (2048K)
 Metaspace       used 100359K, capacity 104717K, committed 104880K, reserved 344064K
  class space    used 13174K, capacity 14776K, committed 14848K, reserved 253952K
}
Event: 51.524 GC heap after
{Heap after GC invocations=77 (full 0):
 garbage-first heap   total 235520K, used 134844K [0x0000000080000000, 0x0000000100000000)
  region size 1024K, 5 young (5120K), 5 survivors (5120K)
 Metaspace       used 100359K, capacity 104717K, committed 104880K, reserved 344064K
  class space    used 13174K, capacity 14776K, committed 14848K, reserved 253952K
}
Event: 52.131 GC heap before
{Heap before GC invocations=77 (full 0):
 garbage-first heap   total 235520K, used 167612K [0x0000000080000000, 0x0000000100000000)
  region size 1024K, 38 young (38912K), 5 survivors (5120K)
 Metaspace       used 102482K, capacity 106806K, committed 106928K, reserved 346112K
  class space    used 13346K, capacity 14995K, committed 15104K, reserved 253952K
}
Event: 52.143 GC heap after
{Heap after GC invocations=78 (full 0):
 garbage-first heap   total 235520K, used 140438K [0x0000000080000000, 0x0000000100000000)
  region size 1024K, 5 young (5120K), 5 survivors (5120K)
 Metaspace       used 102482K, capacity 106806K, committed 106928K, reserved 346112K
  class space    used 13346K, capacity 14995K, committed 15104K, reserved 253952K
}
Event: 52.713 GC heap before
{Heap before GC invocations=79 (full 0):
 garbage-first heap   total 235520K, used 174230K [0x0000000080000000, 0x0000000100000000)
  region size 1024K, 38 young (38912K), 5 survivors (5120K)
 Metaspace       used 103406K, capacity 107767K, committed 107952K, reserved 348160K
  class space    used 13466K, capacity 15087K, committed 15104K, reserved 253952K
}
Event: 52.718 GC heap after
{Heap after GC invocations=80 (full 0):
 garbage-first heap   total 235520K, used 142101K [0x0000000080000000, 0x0000000100000000)
  region size 1024K, 3 young (3072K), 3 survivors (3072K)
 Metaspace       used 103406K, capacity 107767K, committed 107952K, reserved 348160K
  class space    used 13466K, capacity 15087K, committed 15104K, reserved 253952K
}
Event: 53.118 GC heap before
{Heap before GC invocations=80 (full 0):
 garbage-first heap   total 235520K, used 177941K [0x0000000080000000, 0x0000000100000000)
  region size 1024K, 38 young (38912K), 3 survivors (3072K)
 Metaspace       used 105366K, capacity 109711K, committed 109744K, reserved 350208K
  class space    used 13727K, capacity 15343K, committed 15360K, reserved 253952K
}
Event: 53.122 GC heap after
{Heap after GC invocations=81 (full 0):
 garbage-first heap   total 235520K, used 144102K [0x0000000080000000, 0x0000000100000000)
  region size 1024K, 5 young (5120K), 5 survivors (5120K)
 Metaspace       used 105366K, capacity 109711K, committed 109744K, reserved 350208K
  class space    used 13727K, capacity 15343K, committed 15360K, reserved 253952K
}
Event: 53.556 GC heap before
{Heap before GC invocations=82 (full 0):
 garbage-first heap   total 235520K, used 180966K [0x0000000080000000, 0x0000000100000000)
  region size 1024K, 41 young (41984K), 5 survivors (5120K)
 Metaspace       used 107213K, capacity 111648K, committed 111920K, reserved 350208K
  class space    used 13996K, capacity 15642K, committed 15744K, reserved 253952K
}
Event: 53.562 GC heap after
{Heap after GC invocations=83 (full 0):
 garbage-first heap   total 235520K, used 146161K [0x0000000080000000, 0x0000000100000000)
  region size 1024K, 5 young (5120K), 5 survivors (5120K)
 Metaspace       used 107213K, capacity 111648K, committed 111920K, reserved 350208K
  class space    used 13996K, capacity 15642K, committed 15744K, reserved 253952K
}
Event: 53.888 GC heap before
{Heap before GC invocations=83 (full 0):
 garbage-first heap   total 235520K, used 185073K [0x0000000080000000, 0x0000000100000000)
  region size 1024K, 43 young (44032K), 5 survivors (5120K)
 Metaspace       used 107900K, capacity 112400K, committed 112432K, reserved 352256K
  class space    used 14077K, capacity 15733K, committed 15744K, reserved 253952K
}
Event: 53.897 GC heap after
{Heap after GC invocations=84 (full 0):
 garbage-first heap   total 235520K, used 151720K [0x0000000080000000, 0x0000000100000000)
  region size 1024K, 6 young (6144K), 6 survivors (6144K)
 Metaspace       used 107900K, capacity 112400K, committed 112432K, reserved 352256K
  class space    used 14077K, capacity 15733K, committed 15744K, reserved 253952K
}
Event: 54.409 GC heap before
{Heap before GC invocations=85 (full 0):
 garbage-first heap   total 235520K, used 188584K [0x0000000080000000, 0x0000000100000000)
  region size 1024K, 42 young (43008K), 6 survivors (6144K)
 Metaspace       used 108883K, capacity 113471K, committed 113584K, reserved 352256K
  class space    used 14175K, capacity 15825K, committed 15872K, reserved 253952K
}

